WARNING: using python at python3!
-> Reading hosts from /home/user12/Documents/rl-countermeasure-selection-for-sdn-attack-mitigation/network/../input-data/hosts-toplogy-6hosts.json
--> init called
 * Serving Flask app 'ApiManager'
 * Debug mode: off
Address already in use
Port 5000 is in use by another program. Either identify and stop that program, or start the server with a different port.
*** Removing excess controllers/ofprotocols/ofdatapaths/pings/noxes
killall controller ofprotocol ofdatapath ping nox_core lt-nox_core ovs-openflowd ovs-controller ovs-testcontroller udpbwtest mnexec ivs ryu-manager  2> /dev/null
killall -9 controller ofprotocol ofdatapath ping nox_core lt-nox_core ovs-openflowd ovs-controller ovs-testcontroller udpbwtest mnexec ivs ryu-manager  2> /dev/null
pkill -9 -f "sudo mnexec"
*** Removing junk from /tmp
rm -f /tmp/vconn* /tmp/vlogs* /tmp/*.out /tmp/*.log
*** Removing old X11 tunnels
*** Removing excess kernel datapaths
ps ax | egrep -o 'dp[0-9]+' | sed 's/dp/nl:/'
***  Removing OVS datapaths
ovs-vsctl --timeout=1 list-br
ovs-vsctl --timeout=1 list-br
*** Removing all links of the pattern foo-ethX
ip link show | egrep -o '([-_.[:alnum:]]+-eth[[:digit:]]+)'
ip link show
*** Killing stale mininet node processes
pkill -9 -f mininet:
*** Shutting down stale tunnels
pkill -9 -f Tunnel=Ethernet
pkill -9 -f .ssh/mn
rm -f ~/.ssh/mn/*
*** Cleanup complete.
*** Creating switches
*** Init switch s0 s101 with bw = 2.2  ***
*** Init switch s0 s102 with bw = 1.0  ***
*** Init switch s0 s103 with bw = 2.2  ***
*** Init switch s0 s104 with bw = 2.8  ***
*** Init switch s101 s102 with bw = 7.0  ***
*** Init switch s101 s103 with bw = 6.1  ***
*** Init switch s101 s104 with bw = 8.2  ***
*** Init switch s102 s103 with bw = 5.2  ***
*** Init switch s102 s104 with bw = 5.5  ***
*** Init switch s103 s104 with bw = 8.8  ***
*** Init host h1 with bw = 2.2  ***
*** Init host h2 with bw = 2.8  ***
*** Init host h3 with bw = 3.1  ***
*** Init host h4 with bw = 1.3  ***
*** Init host h5 with bw = 1.9  ***
*** Init host h6 with bw = 6.1  ***
*** Creating hosts
*** Init host hs(3, 10.0.1.101, 00:00:00:00:01:00) ***
*** Init host h1(1, 10.0.1.1, 00:00:00:00:00:01) ***
*** Init host h2(1, 10.0.1.2, 00:00:00:00:00:02) ***
*** Init host h3(1, 10.0.1.3, 00:00:00:00:00:03) ***
*** Init host h4(1, 10.0.1.4, 00:00:00:00:00:04) ***
*** Init host h5(1, 10.0.1.5, 00:00:00:00:00:05) ***
*** Init host h6(3, 10.0.1.6, 00:00:00:00:00:06) ***
*** Creating links
*** Init link s101(s101-eth0) --> s0(s0-eth101) with bw = 2.2  ***
*** Init link s102(s102-eth0) --> s0(s0-eth102) with bw = 1.0  ***
*** Init link s103(s103-eth0) --> s0(s0-eth103) with bw = 2.2  ***
*** Init link s104(s104-eth0) --> s0(s0-eth104) with bw = 2.8  ***
*** Init link s101(s101-eth102) --> s102(s102-eth101) with bw = 7.0  ***
*** Init link s101(s101-eth103) --> s103(s103-eth101) with bw = 6.1  ***
*** Init link s101(s101-eth104) --> s104(s104-eth101) with bw = 8.2  ***
*** Init link s102(s102-eth103) --> s103(s103-eth102) with bw = 5.2  ***
*** Init link s102(s102-eth104) --> s104(s104-eth102) with bw = 5.5  ***
*** Init link s103(s103-eth104) --> s104(s104-eth103) with bw = 8.8  ***
*** Init link s1(s1-eth101) --> s101(s101-eth1) with bw = 2.2  ***
*** Init link s2(s2-eth102) --> s102(s102-eth2) with bw = 2.8  ***
*** Init link s3(s3-eth102) --> s102(s102-eth3) with bw = 3.1  ***
*** Init link s4(s4-eth103) --> s103(s103-eth4) with bw = 1.3  ***
*** Init link s5(s5-eth104) --> s104(s104-eth5) with bw = 1.9  ***
*** Init link s6(s6-eth104) --> s104(s104-eth6) with bw = 6.1  ***
*** Init link hs(hs-eth0) --> s0(s0-eth0) with bw = 9.1  ***
*** Init link h1(h1-eth0) --> s1(s1-eth0) with bw = 2.2  ***
*** Init link h2(h2-eth0) --> s2(s2-eth0) with bw = 2.8  ***
*** Init link h3(h3-eth0) --> s3(s3-eth0) with bw = 3.1  ***
*** Init link h4(h4-eth0) --> s4(s4-eth0) with bw = 1.3  ***
*** Init link h5(h5-eth0) --> s5(s5-eth0) with bw = 1.9  ***
*** Init link h6(h6-eth0) --> s6(s6-eth0) with bw = 6.1  ***
*** Creating network
*** Adding hosts:
h1 h2 h3 h4 h5 h6 hs 
*** Adding switches:
s0 s1 s2 s3 s4 s5 s6 s101 s102 s103 s104 
*** Adding links:
(9.10Mbit) (9.10Mbit) (s0, hs) (2.20Mbit) (2.20Mbit) (s1, h1) (2.20Mbit) (2.20Mbit) (s1, s101) (2.80Mbit) (2.80Mbit) (s2, h2) (2.80Mbit) (2.80Mbit) (s2, s102) (3.10Mbit) (3.10Mbit) (s3, h3) (3.10Mbit) (3.10Mbit) (s3, s102) (1.30Mbit) (1.30Mbit) (s4, h4) (1.30Mbit) (1.30Mbit) (s4, s103) (1.90Mbit) (1.90Mbit) (s5, h5) (1.90Mbit) (1.90Mbit) (s5, s104) (6.10Mbit) (6.10Mbit) (s6, h6) (6.10Mbit) (6.10Mbit) (s6, s104) (2.20Mbit) (2.20Mbit) (s101, s0) (7.00Mbit) (7.00Mbit) (s101, s102) (6.10Mbit) (6.10Mbit) (s101, s103) (8.20Mbit) (8.20Mbit) (s101, s104) (1.00Mbit) (1.00Mbit) (s102, s0) (5.20Mbit) (5.20Mbit) (s102, s103) (5.50Mbit) (5.50Mbit) (s102, s104) (2.20Mbit) (2.20Mbit) (s103, s0) (8.80Mbit) (8.80Mbit) (s103, s104) (2.80Mbit) (2.80Mbit) (s104, s0) 
*** Configuring hosts
h1 (cfs 400000/100000us) h2 (cfs 400000/100000us) h3 (cfs 400000/100000us) h4 (cfs 400000/100000us) h5 (cfs 400000/100000us) h6 (cfs 1200000/100000us) hs (cfs 1200000/100000us) 
*** Starting controller

*** Starting 11 switches
s0 s1 s2 s3 s4 s5 s6 s101 s102 s103 s104 ...(9.10Mbit) (2.20Mbit) (1.00Mbit) (2.20Mbit) (2.80Mbit) (2.20Mbit) (2.20Mbit) (2.80Mbit) (2.80Mbit) (3.10Mbit) (3.10Mbit) (1.30Mbit) (1.30Mbit) (1.90Mbit) (1.90Mbit) (6.10Mbit) (6.10Mbit) (2.20Mbit) (2.20Mbit) (7.00Mbit) (6.10Mbit) (8.20Mbit) (2.80Mbit) (3.10Mbit) (7.00Mbit) (1.00Mbit) (5.20Mbit) (5.50Mbit) (1.30Mbit) (6.10Mbit) (5.20Mbit) (2.20Mbit) (8.80Mbit) (1.90Mbit) (6.10Mbit) (8.20Mbit) (5.50Mbit) (8.80Mbit) (2.80Mbit) 
*** Testing network
s0 ==> ovs-ofctl add-flow s0 nw_proto=1,priority=2,dl_type=0x806,actions=flood
s101 ==> ovs-ofctl add-flow s101 nw_proto=1,priority=499,in_port=1,dl_type=0x806,actions=output:5
s101 ==> ovs-ofctl add-flow s101 nw_proto=1,priority=499,in_port=5,dl_type=0x806,actions=output:1
s101 ==> ovs-ofctl add-flow s101 nw_proto=1,priority=499,in_port=2,dl_type=0x806,actions=output:1
s101 ==> ovs-ofctl add-flow s101 nw_proto=1,priority=499,in_port=3,dl_type=0x806,actions=output:1
s101 ==> ovs-ofctl add-flow s101 nw_proto=1,priority=499,in_port=4,dl_type=0x806,actions=output:1
s101 ==> ovs-ofctl add-flow s101 nw_proto=1,priority=0,dl_type=0x806,actions=flood
s102 ==> ovs-ofctl add-flow s102 nw_proto=1,priority=499,in_port=1,dl_type=0x806,actions=output:5,output:6
s102 ==> ovs-ofctl add-flow s102 nw_proto=1,priority=499,in_port=5,dl_type=0x806,actions=output:1
s102 ==> ovs-ofctl add-flow s102 nw_proto=1,priority=499,in_port=6,dl_type=0x806,actions=output:1
s102 ==> ovs-ofctl add-flow s102 nw_proto=1,priority=499,in_port=2,dl_type=0x806,actions=output:1
s102 ==> ovs-ofctl add-flow s102 nw_proto=1,priority=499,in_port=3,dl_type=0x806,actions=output:1
s102 ==> ovs-ofctl add-flow s102 nw_proto=1,priority=499,in_port=4,dl_type=0x806,actions=output:1
s102 ==> ovs-ofctl add-flow s102 nw_proto=1,priority=0,dl_type=0x806,actions=flood
s103 ==> ovs-ofctl add-flow s103 nw_proto=1,priority=499,in_port=1,dl_type=0x806,actions=output:5
s103 ==> ovs-ofctl add-flow s103 nw_proto=1,priority=499,in_port=5,dl_type=0x806,actions=output:1
s103 ==> ovs-ofctl add-flow s103 nw_proto=1,priority=499,in_port=2,dl_type=0x806,actions=output:1
s103 ==> ovs-ofctl add-flow s103 nw_proto=1,priority=499,in_port=3,dl_type=0x806,actions=output:1
s103 ==> ovs-ofctl add-flow s103 nw_proto=1,priority=499,in_port=4,dl_type=0x806,actions=output:1
s103 ==> ovs-ofctl add-flow s103 nw_proto=1,priority=0,dl_type=0x806,actions=flood
s104 ==> ovs-ofctl add-flow s104 nw_proto=1,priority=499,in_port=1,dl_type=0x806,actions=output:5,output:6
s104 ==> ovs-ofctl add-flow s104 nw_proto=1,priority=499,in_port=5,dl_type=0x806,actions=output:1
s104 ==> ovs-ofctl add-flow s104 nw_proto=1,priority=499,in_port=6,dl_type=0x806,actions=output:1
s104 ==> ovs-ofctl add-flow s104 nw_proto=1,priority=499,in_port=2,dl_type=0x806,actions=output:1
s104 ==> ovs-ofctl add-flow s104 nw_proto=1,priority=499,in_port=3,dl_type=0x806,actions=output:1
s104 ==> ovs-ofctl add-flow s104 nw_proto=1,priority=499,in_port=4,dl_type=0x806,actions=output:1
s104 ==> ovs-ofctl add-flow s104 nw_proto=1,priority=0,dl_type=0x806,actions=flood
s1 ==> ovs-ofctl add-flow s1 nw_proto=1,priority=499,dl_type=0x806,actions=flood
s2 ==> ovs-ofctl add-flow s2 nw_proto=1,priority=499,dl_type=0x806,actions=flood
s3 ==> ovs-ofctl add-flow s3 nw_proto=1,priority=499,dl_type=0x806,actions=flood
s4 ==> ovs-ofctl add-flow s4 nw_proto=1,priority=499,dl_type=0x806,actions=flood
s5 ==> ovs-ofctl add-flow s5 nw_proto=1,priority=499,dl_type=0x806,actions=flood
s6 ==> ovs-ofctl add-flow s6 nw_proto=1,priority=499,dl_type=0x806,actions=flood
s0 ==> ovs-ofctl add-flow s0 ip,priority=65535,nw_dst=8.8.8.8,actions=output:6
s0 ==> ovs-ofctl add-flow s0 priority=65535,dl_dst=00:00:00:00:01:00,actions=output:5
s0 ==> ovs-ofctl add-flow s0 priority=65535,dl_dst=00:00:00:00:00:01,actions=output:1
s0 ==> ovs-ofctl add-flow s0 priority=65535,dl_dst=00:00:00:00:00:02,actions=output:2
s0 ==> ovs-ofctl add-flow s0 priority=65535,dl_dst=00:00:00:00:00:03,actions=output:2
s0 ==> ovs-ofctl add-flow s0 priority=65535,dl_dst=00:00:00:00:00:04,actions=output:3
s0 ==> ovs-ofctl add-flow s0 priority=65535,dl_dst=00:00:00:00:00:05,actions=output:4
s0 ==> ovs-ofctl add-flow s0 priority=65535,dl_dst=00:00:00:00:00:06,actions=output:4
s1 ==> ovs-ofctl add-flow s1 ip,priority=65535,in_port=2,nw_dst=8.8.8.8,actions=output:1
s1 ==> ovs-ofctl add-flow s1 priority=65535,in_port=2,dl_dst=00:00:00:00:01:00,actions=output:1
s1 ==> ovs-ofctl add-flow s1 priority=65535,dl_dst=00:00:00:00:00:01,actions=output:2
s101 ==> ovs-ofctl add-flow s101 ip,priority=65535,nw_dst=8.8.8.8,actions=output:1
s101 ==> ovs-ofctl add-flow s101 priority=65535,dl_src=00:00:00:00:00:01,dl_dst=00:00:00:00:01:00,actions=output:1
s101 ==> ovs-ofctl add-flow s101 priority=65535,dl_dst=00:00:00:00:00:01,actions=output:5
s2 ==> ovs-ofctl add-flow s2 ip,priority=65535,in_port=2,nw_dst=8.8.8.8,actions=output:1
s2 ==> ovs-ofctl add-flow s2 priority=65535,in_port=2,dl_dst=00:00:00:00:01:00,actions=output:1
s2 ==> ovs-ofctl add-flow s2 priority=65535,dl_dst=00:00:00:00:00:02,actions=output:2
s102 ==> ovs-ofctl add-flow s102 ip,priority=65535,nw_dst=8.8.8.8,actions=output:1
s102 ==> ovs-ofctl add-flow s102 priority=65535,dl_src=00:00:00:00:00:02,dl_dst=00:00:00:00:01:00,actions=output:1
s102 ==> ovs-ofctl add-flow s102 priority=65535,dl_dst=00:00:00:00:00:02,actions=output:5
s3 ==> ovs-ofctl add-flow s3 ip,priority=65535,in_port=2,nw_dst=8.8.8.8,actions=output:1
s3 ==> ovs-ofctl add-flow s3 priority=65535,in_port=2,dl_dst=00:00:00:00:01:00,actions=output:1
s3 ==> ovs-ofctl add-flow s3 priority=65535,dl_dst=00:00:00:00:00:03,actions=output:2
s102 ==> ovs-ofctl add-flow s102 ip,priority=65535,nw_dst=8.8.8.8,actions=output:1
s102 ==> ovs-ofctl add-flow s102 priority=65535,dl_src=00:00:00:00:00:03,dl_dst=00:00:00:00:01:00,actions=output:1
s102 ==> ovs-ofctl add-flow s102 priority=65535,dl_dst=00:00:00:00:00:03,actions=output:6
s4 ==> ovs-ofctl add-flow s4 ip,priority=65535,in_port=2,nw_dst=8.8.8.8,actions=output:1
s4 ==> ovs-ofctl add-flow s4 priority=65535,in_port=2,dl_dst=00:00:00:00:01:00,actions=output:1
s4 ==> ovs-ofctl add-flow s4 priority=65535,dl_dst=00:00:00:00:00:04,actions=output:2
s103 ==> ovs-ofctl add-flow s103 ip,priority=65535,nw_dst=8.8.8.8,actions=output:1
s103 ==> ovs-ofctl add-flow s103 priority=65535,dl_src=00:00:00:00:00:04,dl_dst=00:00:00:00:01:00,actions=output:1
s103 ==> ovs-ofctl add-flow s103 priority=65535,dl_dst=00:00:00:00:00:04,actions=output:5
s5 ==> ovs-ofctl add-flow s5 ip,priority=65535,in_port=2,nw_dst=8.8.8.8,actions=output:1
s5 ==> ovs-ofctl add-flow s5 priority=65535,in_port=2,dl_dst=00:00:00:00:01:00,actions=output:1
s5 ==> ovs-ofctl add-flow s5 priority=65535,dl_dst=00:00:00:00:00:05,actions=output:2
s104 ==> ovs-ofctl add-flow s104 ip,priority=65535,nw_dst=8.8.8.8,actions=output:1
s104 ==> ovs-ofctl add-flow s104 priority=65535,dl_src=00:00:00:00:00:05,dl_dst=00:00:00:00:01:00,actions=output:1
s104 ==> ovs-ofctl add-flow s104 priority=65535,dl_dst=00:00:00:00:00:05,actions=output:5
s6 ==> ovs-ofctl add-flow s6 ip,priority=65535,in_port=2,nw_dst=8.8.8.8,actions=output:1
s6 ==> ovs-ofctl add-flow s6 priority=65535,in_port=2,dl_dst=00:00:00:00:01:00,actions=output:1
s6 ==> ovs-ofctl add-flow s6 priority=65535,dl_dst=00:00:00:00:00:06,actions=output:2
s104 ==> ovs-ofctl add-flow s104 ip,priority=65535,nw_dst=8.8.8.8,actions=output:1
s104 ==> ovs-ofctl add-flow s104 priority=65535,dl_src=00:00:00:00:00:06,dl_dst=00:00:00:00:01:00,actions=output:1
s104 ==> ovs-ofctl add-flow s104 priority=65535,dl_dst=00:00:00:00:00:06,actions=output:6
*** Running CLI
*** Starting CLI:
Switch:  s0
port 		 intf
0 		 lo
5 		 s0-eth0
1 		 s0-eth101
2 		 s0-eth102
3 		 s0-eth103
4 		 s0-eth104
6 		 s0-eth6
Switch:  s1
port 		 intf
0 		 lo
2 		 s1-eth0
1 		 s1-eth101
Switch:  s2
port 		 intf
0 		 lo
2 		 s2-eth0
1 		 s2-eth102
Switch:  s3
port 		 intf
0 		 lo
2 		 s3-eth0
1 		 s3-eth102
Switch:  s4
port 		 intf
0 		 lo
2 		 s4-eth0
1 		 s4-eth103
Switch:  s5
port 		 intf
0 		 lo
2 		 s5-eth0
1 		 s5-eth104
Switch:  s6
port 		 intf
0 		 lo
2 		 s6-eth0
1 		 s6-eth104
Switch:  s101
port 		 intf
0 		 lo
5 		 s101-eth1
1 		 s101-eth0
2 		 s101-eth102
3 		 s101-eth103
4 		 s101-eth104
Switch:  s102
port 		 intf
0 		 lo
5 		 s102-eth2
6 		 s102-eth3
2 		 s102-eth101
1 		 s102-eth0
3 		 s102-eth103
4 		 s102-eth104
Switch:  s103
port 		 intf
0 		 lo
5 		 s103-eth4
2 		 s103-eth101
3 		 s103-eth102
1 		 s103-eth0
4 		 s103-eth104
Switch:  s104
port 		 intf
0 		 lo
5 		 s104-eth5
6 		 s104-eth6
2 		 s104-eth101
3 		 s104-eth102
4 		 s104-eth103
1 		 s104-eth0
{'s0': {'lo': 0, 's0-eth0': 5, 's0-eth101': 1, 's0-eth102': 2, 's0-eth103': 3, 's0-eth104': 4, 's0-eth6': 6}, 's1': {'lo': 0, 's1-eth0': 2, 's1-eth101': 1}, 's2': {'lo': 0, 's2-eth0': 2, 's2-eth102': 1}, 's3': {'lo': 0, 's3-eth0': 2, 's3-eth102': 1}, 's4': {'lo': 0, 's4-eth0': 2, 's4-eth103': 1}, 's5': {'lo': 0, 's5-eth0': 2, 's5-eth104': 1}, 's6': {'lo': 0, 's6-eth0': 2, 's6-eth104': 1}, 's101': {'lo': 0, 's101-eth1': 5, 's101-eth0': 1, 's101-eth102': 2, 's101-eth103': 3, 's101-eth104': 4}, 's102': {'lo': 0, 's102-eth2': 5, 's102-eth3': 6, 's102-eth101': 2, 's102-eth0': 1, 's102-eth103': 3, 's102-eth104': 4}, 's103': {'lo': 0, 's103-eth4': 5, 's103-eth101': 2, 's103-eth102': 3, 's103-eth0': 1, 's103-eth104': 4}, 's104': {'lo': 0, 's104-eth5': 5, 's104-eth6': 6, 's104-eth101': 2, 's104-eth102': 3, 's104-eth103': 4, 's104-eth0': 1}}
Executing OvsIntermediate.__init__
mininet> *** Ping: testing ping reachability
h1 -> X X X X X hs X 
h2 -> X X X X X hs X 
h3 -> X X X X X hs X 
h4 -> X X X X X hs X 
h5 -> X X X X X hs X 
h6 -> X X X X X hs X 
hs -> h1 h2 h3 h4 h5 h6 X 
nat0 -> X X X X X X X 
*** Results: 78% dropped (12/56 received)
mininet> *** Stopping network
*** Stopping 0 controllers

*** Stopping 24 links
........................
*** Stopping 11 switches
s0 s1 s2 s3 s4 s5 s6 s101 s102 s103 s104 
*** Stopping 8 hosts
h1 h2 h3 h4 h5 h6 hs nat0 
*** Done
